<span style='color:red;'>北京赛车PK10</span><br>也许过期了，数据错误请求：--->2631---->http://localhost:8123/abcaiji/ny28.php
请求：--->2631---->http://localhost:8653/qxc/fetchResult?roomId=10029
{"msg":"未到开奖时间","code":92323,"success":"false"}请求：--->2631---->http://localhost:8653/pl5/fetchResult?roomId=10029
{"msg":"未到开奖时间","code":92323,"success":"false"}请求：--->2631---->http://localhost:8653/fc3d/fetchResult?roomId=10029
<span style='color:red;'>纽约28</span><br><br>当前数据->>>{"rows":1,"data":[{"code":"ny28","opentime":"2023-12-25 01:30:00","expect":"7604139","opencode":"8,2,0","load_time":"2023-12-25 01:30:32","next_phase":"7604140","next_time":"2023-12-25 01:31:30","now":"2023-12-25 01:30:32"}],"now":"2023-12-25 01:30:32"}<br>真数据8,2,0假数据字符串->>>>8,10,10,10,10,10,2,10,10,10,10,10,0,10,10,10,10,10,10,10,10<br>原假数据->>>>58 52 50<br>计算个位数的假数据->>>>8 2 0<br>当前最新期号-->7604139    数据期号--->7604139下次开奖时间2023-12-25 01:31:30<br>等待纽约28刷新<br><style type="text/css">
    <!--
    body, td, th {
        font-size: 12px;
    }

    body {
        margin-left: 0px;
        margin-top: 0px;
        margin-right: 0px;
        margin-bottom: 0px;
    }

    #timeinfo {
        color: #C60
    }

    -->
</style>
<script>
    var limit = 3
    if (document.images) {
        var parselimit = limit
    }

    function beginrefresh() {
        if (!document.images)
            return
        if (parselimit == 1)
            window.location.reload()
        else {
            parselimit -= 1
            curmin = Math.floor(parselimit)
            if (curmin != 0)
                curtime = curmin + "秒后自动获取!"
            else
                curtime = cursec + "秒后自动获取!"
            timeinfo.innerText = curtime
            setTimeout("beginrefresh()", 1000)
        }
    }

    window.onload = beginrefresh
</script>
<input type=button name=button value="刷新" onClick="window.location.reload()">
<span id="timeinfo"></span>

{"msg":"操作成功","code":0,"success":"true"}<span style='color:red;'>加拿大28</span><br>api或 已经过期请求：--->2634---->http://localhost:8123/abcaiji/bjpk10.php
请求：--->2634---->http://localhost:8123/abcaiji/bjkl8.php
请求：--->2634---->http://localhost:8123/abcaiji/jslhc.php
请求：--->2634---->http://localhost:8123/abcaiji/jsssc.php
<br />
<b>Parse error</b>:  syntax error, unexpected '[' in <b>C:\phpstudy\WWW\lott\abcaiji\jslhc.php</b> on line <b>14</b><br />
请求：--->2634---->http://localhost:8123/abcaiji/twk3.php
请求：--->2634---->http://localhost:8123/abcaiji/jnd28.php
<br />
<b>Parse error</b>:  syntax error, unexpected '[' in <b>C:\phpstudy\WWW\lott\abcaiji\twk3.php</b> on line <b>13</b><br />
请求：--->2634---->http://localhost:8123/abcaiji/ny28.php
请求：--->2634---->http://localhost:8653/qxc/fetchResult?roomId=10029
请求：--->2634---->http://localhost:8653/pl5/fetchResult?roomId=10029
<span style='color:red;'>極速時時彩</span><br>等待 2,6,7,2,1 刷新<br><style type="text/css">
    <!--
    body, td, th {
        font-size: 12px;
    }

    body {
        margin-left: 0px;
        margin-top: 0px;
        margin-right: 0px;
        margin-bottom: 0px;
    }

    #timeinfo {
        color: #C60
    }

    -->
</style>
<script>
    var limit=3
    if (document.images){
    	var parselimit=limit
    }
    function beginrefresh(){
    if (!document.images)
    	return
    if (parselimit==1)
    	window.location.reload()
    else{
    	parselimit-=1
    	curmin=Math.floor(parselimit)
    	if (curmin!=0)
    		curtime=curmin+"秒后自动获取!"
    	else
    		curtime=cursec+"秒后自动获取!"
    		timeinfo.innerText=curtime
    		setTimeout("beginrefresh()",1000)
    	}
    }
    window.onload=beginrefresh
</script>
<input type=button name=button value="刷新" onClick="window.location.reload()">
<span id="timeinfo"></span>


请求：--->2634---->http://localhost:8653/fc3d/fetchResult?roomId=10029
<span style='color:red;'>北京赛车PK10</span><br>也许过期了，数据错误<span style='color:red;'>纽约28</span><br><br>当前数据->>>{"rows":1,"data":[{"code":"ny28","opentime":"2023-12-25 01:30:00","expect":"7604139","opencode":"4,6,4","load_time":"2023-12-25 01:30:35","next_phase":"7604140","next_time":"2023-12-25 01:31:30","now":"2023-12-25 01:30:35"}],"now":"2023-12-25 01:30:35"}<br>真数据4,6,4假数据字符串->>>>4,10,10,10,10,10,6,10,10,10,10,10,4,10,10,10,10,10,10,10,10<br>原假数据->>>>54 56 54<br>计算个位数的假数据->>>>4 6 4<br>当前最新期号-->7604139    数据期号--->7604139下次开奖时间2023-12-25 01:31:30<br>等待纽约28刷新<br><style type="text/css">
    <!--
    body, td, th {
        font-size: 12px;
    }

    body {
        margin-left: 0px;
        margin-top: 0px;
        margin-right: 0px;
        margin-bottom: 0px;
    }

    #timeinfo {
        color: #C60
    }

    -->
</style>
<script>
    var limit = 3
    if (document.images) {
        var parselimit = limit
    }

    function beginrefresh() {
        if (!document.images)
            return
        if (parselimit == 1)
            window.location.reload()
        else {
            parselimit -= 1
            curmin = Math.floor(parselimit)
            if (curmin != 0)
                curtime = curmin + "秒后自动获取!"
            else
                curtime = cursec + "秒后自动获取!"
            timeinfo.innerText = curtime
            setTimeout("beginrefresh()", 1000)
        }
    }

    window.onload = beginrefresh
</script>
<input type=button name=button value="刷新" onClick="window.location.reload()">
<span id="timeinfo"></span>

{"msg":"未到开奖时间","code":92323,"success":"false"}{"msg":"未到开奖时间","code":92323,"success":"false"}{"msg":"操作成功","code":0,"success":"true"}<span style='color:red;'>新加坡28</span><br><br>当前数据->>>{"rows":1,"data":[{"code":"ny28","opentime":"2023-12-25 01:30:00","expect":"3723683","opencode":"9,9,6","load_time":"2023-12-25 01:30:35","next_phase":"3723684","next_time":"2023-12-25 01:32:30","now":"2023-12-25 01:30:35"}],"now":"2023-12-25 01:30:35"}<br>真数据9,9,6假数据字符串->>>>9,10,10,10,10,10,9,10,10,10,10,10,6,10,10,10,10,10,10,10,10<br>原假数据->>>>59 59 56<br>计算个位数的假数据->>>>9 9 6<br>当前最新期号-->3723683    数据期号--->3723683<br>等待新加坡28刷新<br><style type="text/css">
    <!--
    body, td, th {
        font-size: 12px;
    }

    body {
        margin-left: 0px;
        margin-top: 0px;
        margin-right: 0px;
        margin-bottom: 0px;
    }

    #timeinfo {
        color: #C60
    }

    -->
</style>
<script>
    var limit = 3
    if (document.images) {
        var parselimit = limit
    }

    function beginrefresh() {
        if (!document.images)
            return
        if (parselimit == 1)
            window.location.reload()
        else {
            parselimit -= 1
            curmin = Math.floor(parselimit)
            if (curmin != 0)
                curtime = curmin + "秒后自动获取!"
            else
                curtime = cursec + "秒后自动获取!"
            timeinfo.innerText = curtime
            setTimeout("beginrefresh()", 1000)
        }
    }

    window.onload = beginrefresh
</script>
<input type=button name=button value="刷新" onClick="window.location.reload()">
<span id="timeinfo"></span>

<span style='color:red;'>加拿大28</span><br>api或 已经过期<span style='color:red;'>極速時時彩</span><br>jsssc喊话-10029..<br>更新 7,1,4,1,7 成功！<br>请求机器人返回 {"msg":"操作成功","code":0,"success":"true"}<style type="text/css">
    <!--
    body, td, th {
        font-size: 12px;
    }

    body {
        margin-left: 0px;
        margin-top: 0px;
        margin-right: 0px;
        margin-bottom: 0px;
    }

    #timeinfo {
        color: #C60
    }

    -->
</style>
<script>
    var limit=3
    if (document.images){
    	var parselimit=limit
    }
    function beginrefresh(){
    if (!document.images)
    	return
    if (parselimit==1)
    	window.location.reload()
    else{
    	parselimit-=1
    	curmin=Math.floor(parselimit)
    	if (curmin!=0)
    		curtime=curmin+"秒后自动获取!"
    	else
    		curtime=cursec+"秒后自动获取!"
    		timeinfo.innerText=curtime
    		setTimeout("beginrefresh()",1000)
    	}
    }
    window.onload=beginrefresh
</script>
<input type=button name=button value="刷新" onClick="window.location.reload()">
<span id="timeinfo"></span>


请求：--->2637---->http://localhost:8123/abcaiji/bjpk10.php
请求：--->2637---->http://localhost:8123/abcaiji/bjkl8.php
请求：--->2637---->http://localhost:8123/abcaiji/jslhc.php
<br />
<b>Parse error</b>:  syntax error, unexpected '[' in <b>C:\phpstudy\WWW\lott\abcaiji\jslhc.php</b> on line <b>14</b><br />
请求：--->2637---->http://localhost:8123/abcaiji/jsssc.php
请求：--->2637---->http://localhost:8123/abcaiji/twk3.php
<br />
<b>Parse error</b>:  syntax error, unexpected '[' in <b>C:\phpstudy\WWW\lott\abcaiji\twk3.php</b> on line <b>13</b><br />
请求：--->2637---->http://localhost:8123/abcaiji/jnd28.php
请求：--->2637---->http://localhost:8123/abcaiji/ny28.php
<span style='color:red;'>新加坡28</span><br><br>当前数据->>>{"rows":1,"data":[{"code":"ny28","opentime":"2023-12-25 01:30:00","expect":"3723683","opencode":"0,1,7","load_time":"2023-12-25 01:30:38","next_phase":"3723684","next_time":"2023-12-25 01:32:30","now":"2023-12-25 01:30:38"}],"now":"2023-12-25 01:30:38"}<br>真数据0,1,7假数据字符串->>>>0,10,10,10,10,10,1,10,10,10,10,10,7,10,10,10,10,10,10,10,10<br>原假数据->>>>50 51 57<br>计算个位数的假数据->>>>0 1 7<br>当前最新期号-->3723683    数据期号--->3723683<br>等待新加坡28刷新<br><style type="text/css">
    <!--
    body, td, th {
        font-size: 12px;
    }

    body {
        margin-left: 0px;
        margin-top: 0px;
        margin-right: 0px;
        margin-bottom: 0px;
    }

    #timeinfo {
        color: #C60
    }

    -->
</style>
<script>
    var limit = 3
    if (document.images) {
        var parselimit = limit
    }

    function beginrefresh() {
        if (!document.images)
            return
        if (parselimit == 1)
            window.location.reload()
        else {
            parselimit -= 1
            curmin = Math.floor(parselimit)
            if (curmin != 0)
                curtime = curmin + "秒后自动获取!"
            else
                curtime = cursec + "秒后自动获取!"
            timeinfo.innerText = curtime
            setTimeout("beginrefresh()", 1000)
        }
    }

    window.onload = beginrefresh
</script>
<input type=button name=button value="刷新" onClick="window.location.reload()">
<span id="timeinfo"></span>

请求：--->2637---->http://localhost:8653/qxc/fetchResult?roomId=10029
{"msg":"未到开奖时间","code":92323,"success":"false"}请求：--->2637---->http://localhost:8653/pl5/fetchResult?roomId=10029
{"msg":"未到开奖时间","code":92323,"success":"false"}请求：--->2637---->http://localhost:8653/fc3d/fetchResult?roomId=10029
<span style='color:red;'>北京赛车PK10</span><br>也许过期了，数据错误{"msg":"操作成功","code":0,"success":"true"}<span style='color:red;'>纽约28</span><br><br>当前数据->>>{"rows":1,"data":[{"code":"ny28","opentime":"2023-12-25 01:30:00","expect":"7604139","opencode":"6,4,9","load_time":"2023-12-25 01:30:38","next_phase":"7604140","next_time":"2023-12-25 01:31:30","now":"2023-12-25 01:30:38"}],"now":"2023-12-25 01:30:38"}<br>真数据6,4,9假数据字符串->>>>6,10,10,10,10,10,4,10,10,10,10,10,9,10,10,10,10,10,10,10,10<br>原假数据->>>>56 54 59<br>计算个位数的假数据->>>>6 4 9<br>当前最新期号-->7604139    数据期号--->7604139下次开奖时间2023-12-25 01:31:30<br>等待纽约28刷新<br><style type="text/css">
    <!--
    body, td, th {
        font-size: 12px;
    }

    body {
        margin-left: 0px;
        margin-top: 0px;
        margin-right: 0px;
        margin-bottom: 0px;
    }

    #timeinfo {
        color: #C60
    }

    -->
</style>
<script>
    var limit = 3
    if (document.images) {
        var parselimit = limit
    }

    function beginrefresh() {
        if (!document.images)
            return
        if (parselimit == 1)
            window.location.reload()
        else {
            parselimit -= 1
            curmin = Math.floor(parselimit)
            if (curmin != 0)
                curtime = curmin + "秒后自动获取!"
            else
                curtime = cursec + "秒后自动获取!"
            timeinfo.innerText = curtime
            setTimeout("beginrefresh()", 1000)
        }
    }

    window.onload = beginrefresh
</script>
<input type=button name=button value="刷新" onClick="window.location.reload()">
<span id="timeinfo"></span>

<span style='color:red;'>極速時時彩</span><br>等待 2,0,6,2,9 刷新<br><style type="text/css">
    <!--
    body, td, th {
        font-size: 12px;
    }

    body {
        margin-left: 0px;
        margin-top: 0px;
        margin-right: 0px;
        margin-bottom: 0px;
    }

    #timeinfo {
        color: #C60
    }

    -->
</style>
<script>
    var limit=3
    if (document.images){
    	var parselimit=limit
    }
    function beginrefresh(){
    if (!document.images)
    	return
    if (parselimit==1)
    	window.location.reload()
    else{
    	parselimit-=1
    	curmin=Math.floor(parselimit)
    	if (curmin!=0)
    		curtime=curmin+"秒后自动获取!"
    	else
    		curtime=cursec+"秒后自动获取!"
    		timeinfo.innerText=curtime
    		setTimeout("beginrefresh()",1000)
    	}
    }
    window.onload=beginrefresh
</script>
<input type=button name=button value="刷新" onClick="window.location.reload()">
<span id="timeinfo"></span>


<span style='color:red;'>加拿大28</span><br>api或 已经过期请求：--->2640---->http://localhost:8123/abcaiji/bjpk10.php
请求：--->2640---->http://localhost:8123/abcaiji/bjkl8.php
请求：--->2640---->http://localhost:8123/abcaiji/jslhc.php
请求：--->2640---->http://localhost:8123/abcaiji/lhc.php
<br />
<b>Parse error</b>:  syntax error, unexpected '[' in <b>C:\phpstudy\WWW\lott\abcaiji\jslhc.php</b> on line <b>14</b><br />
请求：--->2640---->http://localhost:8123/abcaiji/jsssc.php
请求：--->2640---->http://localhost:8123/abcaiji/twk3.php
<br />
<b>Parse error</b>:  syntax error, unexpected '[' in <b>C:\phpstudy\WWW\lott\abcaiji\twk3.php</b> on line <b>13</b><br />
请求：--->2640---->http://localhost:8123/abcaiji/jnd28.php
请求：--->2640---->http://localhost:8123/abcaiji/ny28.php
请求：--->2640---->http://localhost:8653/qxc/fetchResult?roomId=10029
请求：--->2640---->http://localhost:8653/pl5/fetchResult?roomId=10029
请求：--->2640---->http://localhost:8653/fc3d/fetchResult?roomId=10029
<span style='color:red;'>極速時時彩</span><br>等待 1,9,6,8,6 刷新<br><style type="text/css">
    <!--
    body, td, th {
        font-size: 12px;
    }

    body {
        margin-left: 0px;
        margin-top: 0px;
        margin-right: 0px;
        margin-bottom: 0px;
    }

    #timeinfo {
        color: #C60
    }

    -->
</style>
<script>
    var limit=3
    if (document.images){
    	var parselimit=limit
    }
    function beginrefresh(){
    if (!document.images)
    	return
    if (parselimit==1)
    	window.location.reload()
    else{
    	parselimit-=1
    	curmin=Math.floor(parselimit)
    	if (curmin!=0)
    		curtime=curmin+"秒后自动获取!"
    	else
    		curtime=cursec+"秒后自动获取!"
    		timeinfo.innerText=curtime
    		setTimeout("beginrefresh()",1000)
    	}
    }
    window.onload=beginrefresh
</script>
<input type=button name=button value="刷新" onClick="window.location.reload()">
<span id="timeinfo"></span>


<span style='color:red;'>北京赛车PK10</span><br>也许过期了，数据错误{"msg":"未到开奖时间","code":92323,"success":"false"}{"msg":"未到开奖时间","code":92323,"success":"false"}{"msg":"操作成功","code":0,"success":"true"}<span style='color:red;'>六合彩</span><br>bool(false)
也许过期了，数据错误<span style='color:red;'>加拿大28</span><br>api或 已经过期